[12:02:59] [main/INFO]: Loading Minecraft 1.21.1 with Fabric Loader 0.16.3
[12:02:59] [main/WARN]: Warnings were found!
 - Mod 'Dynamic Lights' (dynamiclights) 1.8.6+mod recommends any version of modmenu, which is missing!
	 - You should install any version of modmenu for the optimal experience.
 - Mod 'Dynamic Lights' (dynamiclights) 1.8.6+mod recommends any version of modmenu-badges-lib, which is missing!
	 - You should install any version of modmenu-badges-lib for the optimal experience.
[12:02:59] [main/INFO]: Loading 77 mods:
	- amplified_nether 1.2.8
	- balm 21.0.46
	   \-- kuma_api 21.0.5
	- biomesoplenty 21.1.0.12
	- cardinal-components 6.1.2
	   |-- cardinal-components-base 6.1.2
	   |-- cardinal-components-block 6.1.2
	   |-- cardinal-components-chunk 6.1.2
	   |-- cardinal-components-entity 6.1.2
	   |-- cardinal-components-item 6.1.2
	   |-- cardinal-components-level 6.1.2
	   |-- cardinal-components-scoreboard 6.1.2
	   \-- cardinal-components-world 6.1.2
	- cerbons_api 1.3.0
	- cloth-config 15.0.140
	   \-- cloth-basic-math 0.6.1
	- collective 8.3
	- dynamiclights 1.8.6+mod
	- fabric-api 0.116.1+1.21.1
	   |-- fabric-api-base 0.4.42+6573ed8c19
	   |-- fabric-api-lookup-api-v1 1.6.71+b559734419
	   |-- fabric-biome-api-v1 13.0.31+d527f9fd19
	   |-- fabric-block-api-v1 1.1.0+0bc3503219
	   |-- fabric-block-view-api-v2 1.0.11+ebb2264e19
	   |-- fabric-blockrenderlayer-v1 1.1.52+0af3f5a719
	   |-- fabric-client-tags-api-v1 1.1.15+6573ed8c19
	   |-- fabric-command-api-v1 1.2.49+f71b366f19
	   |-- fabric-command-api-v2 2.2.28+6ced4dd919
	   |-- fabric-commands-v0 0.2.66+df3654b319
	   |-- fabric-content-registries-v0 8.0.19+b559734419
	   |-- fabric-convention-tags-v1 2.1.5+7f945d5b19
	   |-- fabric-convention-tags-v2 2.11.1+a406e79519
	   |-- fabric-crash-report-info-v1 0.2.29+0af3f5a719
	   |-- fabric-data-attachment-api-v1 1.4.5+6116a37819
	   |-- fabric-data-generation-api-v1 20.2.29+16c4ae2519
	   |-- fabric-dimensions-v1 4.0.0+6fc22b9919
	   |-- fabric-entity-events-v1 1.8.0+2b27e0a419
	   |-- fabric-events-interaction-v0 0.7.13+ba9dae0619
	   |-- fabric-game-rule-api-v1 1.0.53+6ced4dd919
	   |-- fabric-item-api-v1 11.1.1+d5debaed19
	   |-- fabric-item-group-api-v1 4.1.7+def88e3a19
	   |-- fabric-key-binding-api-v1 1.0.47+0af3f5a719
	   |-- fabric-keybindings-v0 0.2.45+df3654b319
	   |-- fabric-lifecycle-events-v1 2.6.0+0865547519
	   |-- fabric-loot-api-v2 3.0.15+3f89f5a519
	   |-- fabric-loot-api-v3 1.0.3+3f89f5a519
	   |-- fabric-message-api-v1 6.0.14+8aaf3aca19
	   |-- fabric-model-loading-api-v1 2.0.0+fe474d6b19
	   |-- fabric-networking-api-v1 4.3.0+c7469b2119
	   |-- fabric-object-builder-api-v1 15.2.1+40875a9319
	   |-- fabric-particles-v1 4.0.2+6573ed8c19
	   |-- fabric-recipe-api-v1 5.0.14+248df81c19
	   |-- fabric-registry-sync-v0 5.2.0+34f5d91419
	   |-- fabric-renderer-api-v1 3.4.0+c705a49c19
	   |-- fabric-renderer-indigo 1.7.0+c705a49c19
	   |-- fabric-renderer-registries-v1 3.2.68+df3654b319
	   |-- fabric-rendering-data-attachment-v1 0.3.49+73761d2e19
	   |-- fabric-rendering-fluids-v1 3.1.6+1daea21519
	   |-- fabric-rendering-v0 1.1.71+df3654b319
	   |-- fabric-rendering-v1 5.0.5+df16efd019
	   |-- fabric-resource-conditions-api-v1 4.3.0+8dc279b119
	   |-- fabric-resource-loader-v0 1.3.1+5b5275af19
	   |-- fabric-screen-api-v1 2.0.25+8b68f1c719
	   |-- fabric-screen-handler-api-v1 1.3.88+b559734419
	   |-- fabric-sound-api-v1 1.0.23+6573ed8c19
	   |-- fabric-transfer-api-v1 5.4.3+c24bd99419
	   \-- fabric-transitive-access-wideners-v1 6.2.0+45b9699719
	- fabricloader 0.16.3
	   \-- mixinextras 0.4.1
	- glitchcore 2.1.0.0
	   |-- com_electronwill_night-config_core 3.6.7
	   |-- com_electronwill_night-config_toml 3.6.7
	   \-- net_jodah_typetools 0.6.3
	- healingcampfire 6.2
	- java 21
	- jei 19.21.2.313
	- journeymap 1.21.1-6.0.0-beta.41
	   |-- ar_com_hjg_pngj 2.1.0
	   |-- commonnetworking 1.0.18-1.21.1
	   \-- journeymap-api-fabric 2.0.0-1.21.1-SNAPSHOT
	- just_enough_beacons 1.3.0
	   \-- mixinextras 0.4.1
	- midnightlib 1.6.9
	- minecraft 1.21.1
	- mr_dungeons_andtaverns 1-v4.4.4
	- simpleresourceloader 1.0.0+1.21.1
	- stackrefill 4.7
	- terrablender 4.1.0.8
	   |-- com_electronwill_night-config_core 3.6.7
	   \-- com_electronwill_night-config_toml 3.6.7
	- trashslot 21.1.4
	- travelersbackpack 10.1.22
[12:02:59] [main/WARN]: Found 1 non-fabric mod:
	- advancednetherite-forge-2.2.1-1.21.1.jar
[12:02:59] [main/INFO]: SpongePowered MIXIN Subsystem Version=0.8.7 Source=file:/workspaces/Minecraft-Sever/servidor_minecraft/libraries/net/fabricmc/sponge-mixin/0.15.2+mixin.0.8.7/sponge-mixin-0.15.2+mixin.0.8.7.jar Service=Knot/Fabric Env=SERVER
[12:02:59] [main/INFO]: Compatibility level set to JAVA_17
[12:02:59] [main/INFO]: Compatibility level set to JAVA_21
[12:03:00] [main/WARN]: Reference map 'journeymap-refmap.json' for journeymap.mixins.json could not be read. If this is a development environment you can ignore this message
[12:03:00] [main/WARN]: Reference map 'journeymap-refmap.json' for journeymap.fabric.mixins.json could not be read. If this is a development environment you can ignore this message
[12:03:00] [main/WARN]: Reference map 'trashslot.refmap.json' for trashslot.mixins.json could not be read. If this is a development environment you can ignore this message
[12:03:00] [main/WARN]: Reference map 'trashslot.refmap.json' for trashslot.fabric.mixins.json could not be read. If this is a development environment you can ignore this message
[12:03:00] [main/WARN]: Error loading class: net/fabricmc/fabric/api/client/rendering/v1/EntityModelLayerRegistry$TexturedModelDataProvider (java.lang.ClassNotFoundException: net/fabricmc/fabric/api/client/rendering/v1/EntityModelLayerRegistry$TexturedModelDataProvider)
[12:03:00] [main/INFO]: Initializing MixinExtras via com.llamalad7.mixinextras.service.MixinExtrasServiceImpl(version=0.4.1).
[12:03:07] [main/INFO]: Registering packet cerbons_api:multipart_entity_interaction : class com.cerbon.cerbons_api.packet.custom.MultipartEntityInteractionC2SPacket on the: SERVER
[12:03:07] [main/INFO]: Loading Collective version 8.3.
[12:03:07] [main/INFO]: [Dynamic Lights] MidnightLib detected!
[12:03:07] [main/INFO]: [Dynamic Lights] Registering server started event ...
[12:03:07] [main/INFO]: [Dynamic Lights] Loaded Dynamic Lights by Tschipcraft successfully!
[12:03:08] [main/ERROR]: No data fixer registered for biomesoplenty:boat
[12:03:08] [main/ERROR]: No data fixer registered for biomesoplenty:chest_boat
[12:03:08] [main/ERROR]: No data fixer registered for anomaly
[12:03:08] [main/INFO]: Initializing ServerSide Packet Registries
[12:03:08] [main/INFO]: Registered region minecraft:overworld to index 0 for type OVERWORLD
[12:03:08] [main/INFO]: Registered region minecraft:nether to index 0 for type NETHER
[12:03:08] [main/INFO]: Registered region biomesoplenty:overworld_primary to index 1 for type OVERWORLD
[12:03:08] [main/INFO]: Registered region biomesoplenty:overworld_secondary to index 2 for type OVERWORLD
[12:03:08] [main/INFO]: Registered region biomesoplenty:overworld_rare to index 3 for type OVERWORLD
[12:03:08] [main/INFO]: Registered region biomesoplenty:nether_common to index 1 for type NETHER
[12:03:08] [main/INFO]: Registered region biomesoplenty:nether_rare to index 2 for type NETHER
[12:03:09] [main/ERROR]: No data fixer registered for 
[12:03:09] [main/INFO]: Registered the FluidEffect with Unique ID of minecraft:water for Water (Fluid Amount Required: 81000) with the ID 0
[12:03:09] [main/INFO]: Registered the FluidEffect with Unique ID of minecraft:lava for Lava (Fluid Amount Required: 81000) with the ID 1
[12:03:09] [main/INFO]: Registered the FluidEffect with Unique ID of travelersbackpack:potion for block.travelersbackpack.potion_still (Fluid Amount Required: 27000) with the ID 2
[12:03:09] [main/INFO]: Registered the FluidEffect with Unique ID of minecraft:milk for Air (Fluid Amount Required: 81000) with the ID 3
[12:03:09] [main/INFO]: Environment: Environment[sessionHost=https://sessionserver.mojang.com, servicesHost=https://api.minecraftservices.com, name=PROD]
[12:03:11] [main/INFO]: Loaded 1734 recipes
[12:03:11] [main/ERROR]: Couldn't load advancements: [minecraft:wander_add_map, minecraft:give_quest_trader_trade]
[12:03:11] [main/INFO]: Loaded 1881 advancements
[12:03:13] [main/INFO]: Initialized TerraBlender biomes for level stem minecraft:overworld
[12:03:13] [main/INFO]: Initialized TerraBlender biomes for level stem minecraft:the_nether
[12:03:13] [main/INFO]: Applied 0 biome modifications to 0 of 134 new biomes in 1.806 ms
[12:03:13] [Server thread/INFO]: Starting minecraft server version 1.21.1
[12:03:13] [Server thread/INFO]: Loading properties
[12:03:13] [Server thread/INFO]: Default game type: SURVIVAL
[12:03:13] [Server thread/INFO]: Generating keypair
[12:03:13] [Server thread/INFO]: Starting Minecraft server on *:25565
[12:03:13] [Server thread/INFO]: Using epoll channel type
[12:03:13] [Server thread/WARN]: **** SERVER IS RUNNING IN OFFLINE/INSECURE MODE!
[12:03:13] [Server thread/WARN]: The server will make no attempt to authenticate usernames. Beware.
[12:03:13] [Server thread/WARN]: While this makes the game possible to play without internet access, it also opens up the ability for hackers to connect with any username they choose.
[12:03:13] [Server thread/WARN]: To change this, set "online-mode" to "true" in the server.properties file.
[12:03:13] [Server thread/INFO]: Preparing level "world"
[12:03:19] [Server thread/INFO]: Preparing start region for dimension minecraft:overworld
[12:03:23] [Worker-Main-3/INFO]: Preparing spawn area: 0%
[12:03:23] [Worker-Main-3/INFO]: Preparing spawn area: 0%
[12:03:23] [Worker-Main-3/INFO]: Preparing spawn area: 0%
[12:03:23] [Worker-Main-3/INFO]: Preparing spawn area: 0%
[12:03:23] [Worker-Main-3/INFO]: Preparing spawn area: 0%
[12:03:23] [Worker-Main-3/INFO]: Preparing spawn area: 0%
[12:03:23] [Worker-Main-3/INFO]: Preparing spawn area: 0%
[12:03:23] [Worker-Main-3/INFO]: Preparing spawn area: 0%
[12:03:23] [Server thread/INFO]: Time elapsed: 3903 ms
[12:03:23] [Server thread/INFO]: Done (9.476s)! For help, type "help"
[12:03:23] [Server thread/INFO]: [Dynamic Lights] Sending global config to world ...
[12:03:23] [Server thread/INFO]: Loaded null for service interface journeymap.api.services.WebMapService
[12:03:23] [Server thread/INFO]: Loaded journeymap.common.helpers.FabricClientHooks@7c4c5dc for service interface journeymap.api.services.ClientPlatformService
[12:03:23] [Server thread/INFO]: Loaded journeymap.common.helpers.FabricHooks@46ff83a7 for service interface journeymap.api.services.CommonPlatformService
[12:03:23] [Server thread/INFO]: global (FirstLoaded) Setting config file to version "6.0.0-beta.41": journeymap.server.global.config
[12:03:23] [Server thread/INFO]: global (Valid) Creating config file: journeymap/server/6.0/journeymap.server.global.config
[12:03:23] [Server thread/INFO]: default (FirstLoaded) Setting config file to version "6.0.0-beta.41": journeymap.server.default.config
[12:03:23] [Server thread/INFO]: default (Valid) Creating config file: journeymap/server/6.0/journeymap.server.default.config
[12:03:23] [Server thread/INFO]: minecraft~overworld (Valid) Creating config file: journeymap/server/6.0/journeymap.server.minecraft~overworld.config
[12:03:23] [Server thread/INFO]: minecraft~the_nether (Valid) Creating config file: journeymap/server/6.0/journeymap.server.minecraft~the_nether.config
[12:03:23] [Server thread/INFO]: minecraft~the_end (Valid) Creating config file: journeymap/server/6.0/journeymap.server.minecraft~the_end.config
[12:03:28] [Server thread/INFO]: Its_Isaias58[/127.20.176.189:52785] logged in with entity id 61 at (-19.795562281041043, 120.0, 3.652278602126625)
[12:03:28] [Server thread/INFO]: Loading config from file...
[12:03:28] [Server thread/INFO]: Its_Isaias58 joined the game
[12:03:58] [Server thread/INFO]: Its_Isaias58 lost connection: Timed out
[12:03:58] [Server thread/INFO]: Its_Isaias58 left the game
[12:03:58] [Server thread/WARN]: handleDisconnection() called twice
[12:04:24] [Server thread/INFO]: Its_Isaias58[/127.20.176.189:53411] logged in with entity id 1181 at (-20.269842009569008, 120.0, 2.872693521814251)
[12:04:24] [Server thread/INFO]: Loading config from file...
[12:04:24] [Server thread/INFO]: Its_Isaias58 joined the game
[12:06:07] [Server thread/INFO]: Its_Isaias58 has made the advancement [Getting an Upgrade]
[12:07:03] [Server thread/INFO]: Its_Isaias58 has made the advancement [Monster Hunter]
[12:11:21] [Server thread/INFO]: Its_Isaias58 has made the advancement [Sneak 100]
[12:11:55] [Server thread/INFO]: Its_Isaias58 lost connection: Timed out
[12:11:55] [Server thread/INFO]: Its_Isaias58 left the game
